<?xml version="1.0" encoding="UTF-8"?>
<!-- Generated by org.testng.reporters.JUnitReportReporter -->
<testsuite skipped="0" hostname="DESKTOP-4M14A0P" name="driverFactory.DriverScript" tests="1" failures="0" timestamp="12 Aug 2022 14:49:43 GMT" time="52.568" errors="0">
  <testcase name="startTest" time="52.568" classname="driverFactory.DriverScript"/>
</testsuite> <!-- driverFactory.DriverScript -->
